{"C:\\Users\\Windows 10\\source\\repos\\itm350-jemjudilla-test\\src\\firstunittest.js": {"path":"C:\\Users\\Windows 10\\source\\repos\\itm350-jemjudilla-test\\src\\firstunittest.js","statementMap":{"0":{"start":{"line":3,"column":4},"end":{"line":3,"column":17}},"1":{"start":{"line":5,"column":2},"end":{"line":5,"column":28}}},"fnMap":{"0":{"name":"multiply","decl":{"start":{"line":2,"column":9},"end":{"line":2,"column":17}},"loc":{"start":{"line":2,"column":24},"end":{"line":4,"column":3}},"line":2}},"branchMap":{},"s":{"0":4,"1":1},"f":{"0":4},"b":{},"_coverageSchema":"1a1c01bbd47fc00a2c39e90264f33305004495a9","hash":"d31781d6cb8f87f50523f9ba9d6e2b31b387f7bf"}
}
