{"C:\\Users\\Windows 10\\source\\repos\\itm350-jemjudilla-test\\src\\collection-management.js": {"path":"C:\\Users\\Windows 10\\source\\repos\\itm350-jemjudilla-test\\src\\collection-management.js","statementMap":{"0":{"start":{"line":2,"column":2},"end":{"line":2,"column":18}},"1":{"start":{"line":5,"column":0},"end":{"line":5,"column":25}}},"fnMap":{"0":{"name":"addItem","decl":{"start":{"line":1,"column":9},"end":{"line":1,"column":16}},"loc":{"start":{"line":1,"column":29},"end":{"line":3,"column":1}},"line":1}},"branchMap":{},"s":{"0":1,"1":1},"f":{"0":1},"b":{},"_coverageSchema":"1a1c01bbd47fc00a2c39e90264f33305004495a9","hash":"b5a10c2303469c61ed14092e9997ec580f681d9c"}
,"C:\\Users\\Windows 10\\source\\repos\\itm350-jemjudilla-test\\src\\data-driven.js": {"path":"C:\\Users\\Windows 10\\source\\repos\\itm350-jemjudilla-test\\src\\data-driven.js","statementMap":{"0":{"start":{"line":2,"column":2},"end":{"line":2,"column":15}},"1":{"start":{"line":5,"column":0},"end":{"line":5,"column":26}}},"fnMap":{"0":{"name":"multiply","decl":{"start":{"line":1,"column":9},"end":{"line":1,"column":17}},"loc":{"start":{"line":1,"column":24},"end":{"line":3,"column":1}},"line":1}},"branchMap":{},"s":{"0":4,"1":1},"f":{"0":4},"b":{},"_coverageSchema":"1a1c01bbd47fc00a2c39e90264f33305004495a9","hash":"063327385630fe2914f756bb98bd683ed9d7a937"}
,"C:\\Users\\Windows 10\\source\\repos\\itm350-jemjudilla-test\\src\\firstunittest.js": {"path":"C:\\Users\\Windows 10\\source\\repos\\itm350-jemjudilla-test\\src\\firstunittest.js","statementMap":{"0":{"start":{"line":3,"column":4},"end":{"line":3,"column":17}},"1":{"start":{"line":5,"column":2},"end":{"line":5,"column":28}}},"fnMap":{"0":{"name":"multiply","decl":{"start":{"line":2,"column":9},"end":{"line":2,"column":17}},"loc":{"start":{"line":2,"column":24},"end":{"line":4,"column":3}},"line":2}},"branchMap":{},"s":{"0":4,"1":1},"f":{"0":4},"b":{},"_coverageSchema":"1a1c01bbd47fc00a2c39e90264f33305004495a9","hash":"d31781d6cb8f87f50523f9ba9d6e2b31b387f7bf"}
,"C:\\Users\\Windows 10\\source\\repos\\itm350-jemjudilla-test\\src\\multithreading.js": {"path":"C:\\Users\\Windows 10\\source\\repos\\itm350-jemjudilla-test\\src\\multithreading.js","statementMap":{"0":{"start":{"line":2,"column":2},"end":{"line":2,"column":70}},"1":{"start":{"line":2,"column":32},"end":{"line":2,"column":68}},"2":{"start":{"line":2,"column":49},"end":{"line":2,"column":62}},"3":{"start":{"line":5,"column":0},"end":{"line":5,"column":29}}},"fnMap":{"0":{"name":"processData","decl":{"start":{"line":1,"column":9},"end":{"line":1,"column":20}},"loc":{"start":{"line":1,"column":27},"end":{"line":3,"column":1}},"line":1},"1":{"name":"(anonymous_1)","decl":{"start":{"line":2,"column":21},"end":{"line":2,"column":22}},"loc":{"start":{"line":2,"column":32},"end":{"line":2,"column":68}},"line":2},"2":{"name":"(anonymous_2)","decl":{"start":{"line":2,"column":43},"end":{"line":2,"column":44}},"loc":{"start":{"line":2,"column":49},"end":{"line":2,"column":62}},"line":2}},"branchMap":{},"s":{"0":5,"1":5,"2":5,"3":1},"f":{"0":5,"1":5,"2":5},"b":{},"_coverageSchema":"1a1c01bbd47fc00a2c39e90264f33305004495a9","hash":"bfe69503fa6dd8886eb887d1331608255603a6ea"}
,"C:\\Users\\Windows 10\\source\\repos\\itm350-jemjudilla-test\\src\\pass-fail.js": {"path":"C:\\Users\\Windows 10\\source\\repos\\itm350-jemjudilla-test\\src\\pass-fail.js","statementMap":{"0":{"start":{"line":2,"column":2},"end":{"line":2,"column":20}},"1":{"start":{"line":5,"column":0},"end":{"line":5,"column":28}}},"fnMap":{"0":{"name":"isPositive","decl":{"start":{"line":1,"column":9},"end":{"line":1,"column":19}},"loc":{"start":{"line":1,"column":28},"end":{"line":3,"column":1}},"line":1}},"branchMap":{},"s":{"0":3,"1":1},"f":{"0":3},"b":{},"_coverageSchema":"1a1c01bbd47fc00a2c39e90264f33305004495a9","hash":"7778e4f4620739c4bf011b8c9588aa25d9dbec8c"}
,"C:\\Users\\Windows 10\\source\\repos\\itm350-jemjudilla-test\\src\\performance.js": {"path":"C:\\Users\\Windows 10\\source\\repos\\itm350-jemjudilla-test\\src\\performance.js","statementMap":{"0":{"start":{"line":2,"column":2},"end":{"line":2,"column":58}},"1":{"start":{"line":2,"column":32},"end":{"line":2,"column":56}},"2":{"start":{"line":5,"column":0},"end":{"line":5,"column":30}}},"fnMap":{"0":{"name":"slowFunction","decl":{"start":{"line":1,"column":9},"end":{"line":1,"column":21}},"loc":{"start":{"line":1,"column":24},"end":{"line":3,"column":1}},"line":1},"1":{"name":"(anonymous_1)","decl":{"start":{"line":2,"column":21},"end":{"line":2,"column":22}},"loc":{"start":{"line":2,"column":32},"end":{"line":2,"column":56}},"line":2}},"branchMap":{},"s":{"0":1,"1":1,"2":1},"f":{"0":1,"1":1},"b":{},"_coverageSchema":"1a1c01bbd47fc00a2c39e90264f33305004495a9","hash":"103a8d7b5359a6fa942536f9ce5c4d1e0f352633"}
,"C:\\Users\\Windows 10\\source\\repos\\itm350-jemjudilla-test\\src\\process.js": {"path":"C:\\Users\\Windows 10\\source\\repos\\itm350-jemjudilla-test\\src\\process.js","statementMap":{"0":{"start":{"line":1,"column":18},"end":{"line":1,"column":42}},"1":{"start":{"line":4,"column":2},"end":{"line":4,"column":38}},"2":{"start":{"line":7,"column":0},"end":{"line":7,"column":30}}},"fnMap":{"0":{"name":"startProcess","decl":{"start":{"line":3,"column":9},"end":{"line":3,"column":21}},"loc":{"start":{"line":3,"column":24},"end":{"line":5,"column":1}},"line":3}},"branchMap":{},"s":{"0":1,"1":1,"2":1},"f":{"0":1},"b":{},"_coverageSchema":"1a1c01bbd47fc00a2c39e90264f33305004495a9","hash":"a340c8f20a6ea077086cd221ae01f55fd3bfe86c"}
,"C:\\Users\\Windows 10\\source\\repos\\itm350-jemjudilla-test\\src\\simulation.js": {"path":"C:\\Users\\Windows 10\\source\\repos\\itm350-jemjudilla-test\\src\\simulation.js","statementMap":{"0":{"start":{"line":2,"column":2},"end":{"line":4,"column":3}},"1":{"start":{"line":3,"column":4},"end":{"line":3,"column":17}},"2":{"start":{"line":6,"column":2},"end":{"line":6,"column":14}},"3":{"start":{"line":9,"column":0},"end":{"line":9,"column":31}}},"fnMap":{"0":{"name":"runSimulation","decl":{"start":{"line":1,"column":9},"end":{"line":1,"column":22}},"loc":{"start":{"line":1,"column":30},"end":{"line":7,"column":1}},"line":1}},"branchMap":{"0":{"loc":{"start":{"line":2,"column":2},"end":{"line":4,"column":3}},"type":"if","locations":[{"start":{"line":2,"column":2},"end":{"line":4,"column":3}},{"start":{},"end":{}}],"line":2},"1":{"loc":{"start":{"line":2,"column":6},"end":{"line":2,"column":33}},"type":"binary-expr","locations":[{"start":{"line":2,"column":6},"end":{"line":2,"column":20}},{"start":{"line":2,"column":24},"end":{"line":2,"column":33}}],"line":2}},"s":{"0":4,"1":1,"2":3,"3":1},"f":{"0":4},"b":{"0":[1,3],"1":[4,3]},"_coverageSchema":"1a1c01bbd47fc00a2c39e90264f33305004495a9","hash":"dfd600f1b33481ec9bb4129a13cdcf9586da8be2"}
,"C:\\Users\\Windows 10\\source\\repos\\itm350-jemjudilla-test\\src\\stress.js": {"path":"C:\\Users\\Windows 10\\source\\repos\\itm350-jemjudilla-test\\src\\stress.js","statementMap":{"0":{"start":{"line":2,"column":2},"end":{"line":6,"column":5}},"1":{"start":{"line":3,"column":4},"end":{"line":5,"column":11}},"2":{"start":{"line":4,"column":6},"end":{"line":4,"column":44}},"3":{"start":{"line":9,"column":0},"end":{"line":9,"column":33}}},"fnMap":{"0":{"name":"sendRequest","decl":{"start":{"line":1,"column":9},"end":{"line":1,"column":20}},"loc":{"start":{"line":1,"column":25},"end":{"line":7,"column":1}},"line":1},"1":{"name":"(anonymous_1)","decl":{"start":{"line":2,"column":21},"end":{"line":2,"column":22}},"loc":{"start":{"line":2,"column":32},"end":{"line":6,"column":3}},"line":2},"2":{"name":"(anonymous_2)","decl":{"start":{"line":3,"column":15},"end":{"line":3,"column":16}},"loc":{"start":{"line":3,"column":21},"end":{"line":5,"column":5}},"line":3}},"branchMap":{},"s":{"0":1000,"1":1000,"2":1000,"3":1},"f":{"0":1000,"1":1000,"2":1000},"b":{},"_coverageSchema":"1a1c01bbd47fc00a2c39e90264f33305004495a9","hash":"97211950eb4c91da6dc22d5cee89be6822bad624"}
}
