TN:
SF:src\collection-management.js
FN:1,addItem
FNF:1
FNH:1
FNDA:1,addItem
DA:2,1
DA:5,1
LF:2
LH:2
BRF:0
BRH:0
end_of_record
TN:
SF:src\data-driven.js
FN:1,multiply
FNF:1
FNH:1
FNDA:4,multiply
DA:2,4
DA:5,1
LF:2
LH:2
BRF:0
BRH:0
end_of_record
TN:
SF:src\firstunittest.js
FN:2,multiply
FNF:1
FNH:1
FNDA:4,multiply
DA:3,4
DA:5,1
LF:2
LH:2
BRF:0
BRH:0
end_of_record
TN:
SF:src\multithreading.js
FN:1,processData
FN:2,(anonymous_1)
FN:2,(anonymous_2)
FNF:3
FNH:3
FNDA:5,processData
FNDA:5,(anonymous_1)
FNDA:5,(anonymous_2)
DA:2,5
DA:5,1
LF:2
LH:2
BRF:0
BRH:0
end_of_record
TN:
SF:src\pass-fail.js
FN:1,isPositive
FNF:1
FNH:1
FNDA:3,isPositive
DA:2,3
DA:5,1
LF:2
LH:2
BRF:0
BRH:0
end_of_record
TN:
SF:src\performance.js
FN:1,slowFunction
FN:2,(anonymous_1)
FNF:2
FNH:2
FNDA:1,slowFunction
FNDA:1,(anonymous_1)
DA:2,1
DA:5,1
LF:2
LH:2
BRF:0
BRH:0
end_of_record
TN:
SF:src\process.js
FN:3,startProcess
FNF:1
FNH:1
FNDA:1,startProcess
DA:1,1
DA:4,1
DA:7,1
LF:3
LH:3
BRF:0
BRH:0
end_of_record
TN:
SF:src\simulation.js
FN:1,runSimulation
FNF:1
FNH:1
FNDA:4,runSimulation
DA:2,4
DA:3,1
DA:6,3
DA:9,1
LF:4
LH:4
BRDA:2,0,0,1
BRDA:2,0,1,3
BRDA:2,1,0,4
BRDA:2,1,1,3
BRF:4
BRH:4
end_of_record
TN:
SF:src\stress.js
FN:1,sendRequest
FN:2,(anonymous_1)
FN:3,(anonymous_2)
FNF:3
FNH:3
FNDA:1000,sendRequest
FNDA:1000,(anonymous_1)
FNDA:1000,(anonymous_2)
DA:2,1000
DA:3,1000
DA:4,1000
DA:9,1
LF:4
LH:4
BRF:0
BRH:0
end_of_record
